{"contracts/Airdrop/Airdrop.sol":{"l":{"21":1,"27":2,"28":1,"29":1,"30":1,"31":1,"35":39,"39":2,"40":2,"41":1,"45":1,"52":20,"53":20,"54":20,"61":1,"62":1,"63":1,"64":1,"68":3,"69":2,"71":1,"72":1,"73":1},"path":"/home/hungtran2492/home/Code4rena/2024-07-traitforge/contracts/Airdrop/Airdrop.sol","s":{"1":2,"2":1,"3":1,"4":39,"5":2,"6":2,"7":1,"8":20,"9":1,"10":1,"11":3,"12":2,"13":1,"14":1},"b":{"1":[1,0],"2":[2,0],"3":[2,0],"4":[2,0],"5":[1,1],"6":[1,0],"7":[2,0],"8":[2,0],"9":[1,1],"10":[21,0],"11":[21,0],"12":[20,1],"13":[20,0],"14":[1,0],"15":[1,0],"16":[1,0],"17":[1,0],"18":[1,0],"19":[3,0],"20":[3,0],"21":[2,1],"22":[1,1]},"f":{"1":1,"2":2,"3":39,"4":2,"5":1,"6":20,"7":1,"8":3},"fnMap":{"1":{"name":"setTraitToken","line":20,"loc":{"start":{"line":20,"column":2},"end":{"line":22,"column":2}}},"2":{"name":"startAirdrop","line":26,"loc":{"start":{"line":24,"column":2},"end":{"line":32,"column":2}}},"3":{"name":"airdropStarted","line":34,"loc":{"start":{"line":34,"column":2},"end":{"line":36,"column":2}}},"4":{"name":"allowDaoFund","line":38,"loc":{"start":{"line":38,"column":2},"end":{"line":42,"column":2}}},"5":{"name":"daoFundAllowed","line":44,"loc":{"start":{"line":44,"column":2},"end":{"line":46,"column":2}}},"6":{"name":"addUserAmount","line":51,"loc":{"start":{"line":48,"column":2},"end":{"line":55,"column":2}}},"7":{"name":"subUserAmount","line":60,"loc":{"start":{"line":57,"column":2},"end":{"line":65,"column":2}}},"8":{"name":"claim","line":67,"loc":{"start":{"line":67,"column":2},"end":{"line":74,"column":2}}}},"statementMap":{"1":{"start":{"line":27,"column":4},"end":{"line":27,"column":39}},"2":{"start":{"line":28,"column":4},"end":{"line":28,"column":40}},"3":{"start":{"line":29,"column":4},"end":{"line":29,"column":60}},"4":{"start":{"line":35,"column":4},"end":{"line":35,"column":18}},"5":{"start":{"line":39,"column":4},"end":{"line":39,"column":34}},"6":{"start":{"line":40,"column":4},"end":{"line":40,"column":42}},"7":{"start":{"line":45,"column":4},"end":{"line":45,"column":21}},"8":{"start":{"line":52,"column":4},"end":{"line":52,"column":39}},"9":{"start":{"line":61,"column":4},"end":{"line":61,"column":39}},"10":{"start":{"line":62,"column":4},"end":{"line":62,"column":54}},"11":{"start":{"line":68,"column":4},"end":{"line":68,"column":34}},"12":{"start":{"line":69,"column":4},"end":{"line":69,"column":52}},"13":{"start":{"line":71,"column":4},"end":{"line":71,"column":75}},"14":{"start":{"line":72,"column":4},"end":{"line":72,"column":42}}},"branchMap":{"1":{"line":20,"type":"if","locations":[{"start":{"line":20,"column":55},"end":{"line":20,"column":55}},{"start":{"line":20,"column":55},"end":{"line":20,"column":55}}]},"2":{"line":26,"type":"if","locations":[{"start":{"line":26,"column":13},"end":{"line":26,"column":13}},{"start":{"line":26,"column":13},"end":{"line":26,"column":13}}]},"3":{"line":26,"type":"if","locations":[{"start":{"line":26,"column":27},"end":{"line":26,"column":27}},{"start":{"line":26,"column":27},"end":{"line":26,"column":27}}]},"4":{"line":26,"type":"if","locations":[{"start":{"line":26,"column":40},"end":{"line":26,"column":40}},{"start":{"line":26,"column":40},"end":{"line":26,"column":40}}]},"5":{"line":27,"type":"if","locations":[{"start":{"line":27,"column":4},"end":{"line":27,"column":4}},{"start":{"line":27,"column":4},"end":{"line":27,"column":4}}]},"6":{"line":28,"type":"if","locations":[{"start":{"line":28,"column":4},"end":{"line":28,"column":4}},{"start":{"line":28,"column":4},"end":{"line":28,"column":4}}]},"7":{"line":38,"type":"if","locations":[{"start":{"line":38,"column":35},"end":{"line":38,"column":35}},{"start":{"line":38,"column":35},"end":{"line":38,"column":35}}]},"8":{"line":39,"type":"if","locations":[{"start":{"line":39,"column":4},"end":{"line":39,"column":4}},{"start":{"line":39,"column":4},"end":{"line":39,"column":4}}]},"9":{"line":40,"type":"if","locations":[{"start":{"line":40,"column":4},"end":{"line":40,"column":4}},{"start":{"line":40,"column":4},"end":{"line":40,"column":4}}]},"10":{"line":51,"type":"if","locations":[{"start":{"line":51,"column":13},"end":{"line":51,"column":13}},{"start":{"line":51,"column":13},"end":{"line":51,"column":13}}]},"11":{"line":51,"type":"if","locations":[{"start":{"line":51,"column":27},"end":{"line":51,"column":27}},{"start":{"line":51,"column":27},"end":{"line":51,"column":27}}]},"12":{"line":51,"type":"if","locations":[{"start":{"line":51,"column":40},"end":{"line":51,"column":40}},{"start":{"line":51,"column":40},"end":{"line":51,"column":40}}]},"13":{"line":52,"type":"if","locations":[{"start":{"line":52,"column":4},"end":{"line":52,"column":4}},{"start":{"line":52,"column":4},"end":{"line":52,"column":4}}]},"14":{"line":60,"type":"if","locations":[{"start":{"line":60,"column":13},"end":{"line":60,"column":13}},{"start":{"line":60,"column":13},"end":{"line":60,"column":13}}]},"15":{"line":60,"type":"if","locations":[{"start":{"line":60,"column":27},"end":{"line":60,"column":27}},{"start":{"line":60,"column":27},"end":{"line":60,"column":27}}]},"16":{"line":60,"type":"if","locations":[{"start":{"line":60,"column":40},"end":{"line":60,"column":40}},{"start":{"line":60,"column":40},"end":{"line":60,"column":40}}]},"17":{"line":61,"type":"if","locations":[{"start":{"line":61,"column":4},"end":{"line":61,"column":4}},{"start":{"line":61,"column":4},"end":{"line":61,"column":4}}]},"18":{"line":62,"type":"if","locations":[{"start":{"line":62,"column":4},"end":{"line":62,"column":4}},{"start":{"line":62,"column":4},"end":{"line":62,"column":4}}]},"19":{"line":67,"type":"if","locations":[{"start":{"line":67,"column":28},"end":{"line":67,"column":28}},{"start":{"line":67,"column":28},"end":{"line":67,"column":28}}]},"20":{"line":67,"type":"if","locations":[{"start":{"line":67,"column":42},"end":{"line":67,"column":42}},{"start":{"line":67,"column":42},"end":{"line":67,"column":42}}]},"21":{"line":68,"type":"if","locations":[{"start":{"line":68,"column":4},"end":{"line":68,"column":4}},{"start":{"line":68,"column":4},"end":{"line":68,"column":4}}]},"22":{"line":69,"type":"if","locations":[{"start":{"line":69,"column":4},"end":{"line":69,"column":4}},{"start":{"line":69,"column":4},"end":{"line":69,"column":4}}]}}},"contracts/Airdrop/IAirdrop.sol":{"l":{},"path":"/home/hungtran2492/home/Code4rena/2024-07-traitforge/contracts/Airdrop/IAirdrop.sol","s":{},"b":{},"f":{},"fnMap":{},"statementMap":{},"branchMap":{}},"contracts/DAOFund/DAOFund.sol":{"l":{"12":1,"13":1,"17":1,"19":1,"20":1,"21":0,"23":0,"30":0},"path":"/home/hungtran2492/home/Code4rena/2024-07-traitforge/contracts/DAOFund/DAOFund.sol","s":{},"b":{"1":[1,0],"2":[0,0]},"f":{"1":1},"fnMap":{"1":{"name":"constructor","line":11,"loc":{"start":{"line":11,"column":2},"end":{"line":14,"column":2}}}},"statementMap":{},"branchMap":{"1":{"line":17,"type":"if","locations":[{"start":{"line":17,"column":4},"end":{"line":17,"column":4}},{"start":{"line":17,"column":4},"end":{"line":17,"column":4}}]},"2":{"line":30,"type":"if","locations":[{"start":{"line":30,"column":4},"end":{"line":30,"column":4}},{"start":{"line":30,"column":4},"end":{"line":30,"column":4}}]}}},"contracts/DAOFund/IDAOFund.sol":{"l":{},"path":"/home/hungtran2492/home/Code4rena/2024-07-traitforge/contracts/DAOFund/IDAOFund.sol","s":{},"b":{},"f":{},"fnMap":{},"statementMap":{},"branchMap":{}},"contracts/DAOFund/IUniswapV2Router.sol":{"l":{},"path":"/home/hungtran2492/home/Code4rena/2024-07-traitforge/contracts/DAOFund/IUniswapV2Router.sol","s":{},"b":{},"f":{},"fnMap":{},"statementMap":{},"branchMap":{}},"contracts/DevFund/DevFund.sol":{"l":{"15":22,"16":11,"17":11,"18":11,"19":11,"20":1,"21":1,"24":11,"25":11,"27":22,"31":9,"32":9,"33":9,"34":8,"35":8,"36":8,"37":8,"41":0,"42":0,"43":0,"44":0,"45":0,"46":0,"47":0,"48":0,"52":1,"53":1,"54":1,"55":1,"56":1,"57":1,"58":1,"62":1,"64":1,"68":1,"69":1,"70":1,"71":1,"74":1,"78":2,"79":2,"87":1,"88":1,"89":1,"90":1,"91":1},"path":"/home/hungtran2492/home/Code4rena/2024-07-traitforge/contracts/DevFund/DevFund.sol","s":{"1":9,"2":9,"3":9,"4":8,"5":0,"6":0,"7":0,"8":0,"9":1,"10":1,"11":1,"12":1,"13":1,"14":1,"15":1,"16":1,"17":2,"18":2,"19":1,"20":1,"21":1,"22":1,"23":1},"b":{"1":[11,11],"2":[1,10],"3":[1,0],"4":[11,0],"5":[9,1],"6":[9,0],"7":[8,1],"8":[0,0],"9":[0,0],"10":[0,0],"11":[1,0],"12":[1,0],"13":[1,0],"14":[1,0],"15":[1,0],"16":[0,1],"17":[1,0]},"f":{"1":9,"2":0,"3":1,"4":1,"5":2,"6":1},"fnMap":{"1":{"name":"addDev","line":30,"loc":{"start":{"line":30,"column":2},"end":{"line":38,"column":2}}},"2":{"name":"updateDev","line":40,"loc":{"start":{"line":40,"column":2},"end":{"line":49,"column":2}}},"3":{"name":"removeDev","line":51,"loc":{"start":{"line":51,"column":2},"end":{"line":59,"column":2}}},"4":{"name":"claim","line":61,"loc":{"start":{"line":61,"column":2},"end":{"line":75,"column":2}}},"5":{"name":"pendingRewards","line":77,"loc":{"start":{"line":77,"column":2},"end":{"line":81,"column":2}}},"6":{"name":"safeRewardTransfer","line":83,"loc":{"start":{"line":83,"column":2},"end":{"line":92,"column":2}}}},"statementMap":{"1":{"start":{"line":31,"column":4},"end":{"line":31,"column":40}},"2":{"start":{"line":32,"column":4},"end":{"line":32,"column":40}},"3":{"start":{"line":33,"column":4},"end":{"line":33,"column":50}},"4":{"start":{"line":37,"column":4},"end":{"line":37,"column":29}},"5":{"start":{"line":41,"column":4},"end":{"line":41,"column":40}},"6":{"start":{"line":42,"column":4},"end":{"line":42,"column":40}},"7":{"start":{"line":43,"column":4},"end":{"line":43,"column":46}},"8":{"start":{"line":48,"column":4},"end":{"line":48,"column":32}},"9":{"start":{"line":52,"column":4},"end":{"line":52,"column":40}},"10":{"start":{"line":53,"column":4},"end":{"line":53,"column":46}},"11":{"start":{"line":58,"column":4},"end":{"line":58,"column":24}},"12":{"start":{"line":62,"column":4},"end":{"line":62,"column":46}},"13":{"start":{"line":64,"column":4},"end":{"line":64,"column":2306}},"14":{"start":{"line":68,"column":4},"end":{"line":68,"column":2401}},"15":{"start":{"line":69,"column":6},"end":{"line":69,"column":69}},"16":{"start":{"line":71,"column":6},"end":{"line":71,"column":43}},"17":{"start":{"line":78,"column":4},"end":{"line":78,"column":40}},"18":{"start":{"line":79,"column":4},"end":{"line":79,"column":2833}},"19":{"start":{"line":87,"column":4},"end":{"line":87,"column":59}},"20":{"start":{"line":88,"column":4},"end":{"line":88,"column":56}},"21":{"start":{"line":89,"column":4},"end":{"line":89,"column":60}},"22":{"start":{"line":90,"column":4},"end":{"line":90,"column":44}},"23":{"start":{"line":91,"column":4},"end":{"line":91,"column":17}}},"branchMap":{"1":{"line":15,"type":"if","locations":[{"start":{"line":15,"column":4},"end":{"line":15,"column":4}},{"start":{"line":15,"column":4},"end":{"line":15,"column":4}}]},"2":{"line":19,"type":"if","locations":[{"start":{"line":19,"column":6},"end":{"line":19,"column":6}},{"start":{"line":19,"column":6},"end":{"line":19,"column":6}}]},"3":{"line":21,"type":"if","locations":[{"start":{"line":21,"column":8},"end":{"line":21,"column":8}},{"start":{"line":21,"column":8},"end":{"line":21,"column":8}}]},"4":{"line":25,"type":"if","locations":[{"start":{"line":25,"column":6},"end":{"line":25,"column":6}},{"start":{"line":25,"column":6},"end":{"line":25,"column":6}}]},"5":{"line":30,"type":"if","locations":[{"start":{"line":30,"column":57},"end":{"line":30,"column":57}},{"start":{"line":30,"column":57},"end":{"line":30,"column":57}}]},"6":{"line":32,"type":"if","locations":[{"start":{"line":32,"column":4},"end":{"line":32,"column":4}},{"start":{"line":32,"column":4},"end":{"line":32,"column":4}}]},"7":{"line":33,"type":"if","locations":[{"start":{"line":33,"column":4},"end":{"line":33,"column":4}},{"start":{"line":33,"column":4},"end":{"line":33,"column":4}}]},"8":{"line":40,"type":"if","locations":[{"start":{"line":40,"column":60},"end":{"line":40,"column":60}},{"start":{"line":40,"column":60},"end":{"line":40,"column":60}}]},"9":{"line":42,"type":"if","locations":[{"start":{"line":42,"column":4},"end":{"line":42,"column":4}},{"start":{"line":42,"column":4},"end":{"line":42,"column":4}}]},"10":{"line":43,"type":"if","locations":[{"start":{"line":43,"column":4},"end":{"line":43,"column":4}},{"start":{"line":43,"column":4},"end":{"line":43,"column":4}}]},"11":{"line":51,"type":"if","locations":[{"start":{"line":51,"column":44},"end":{"line":51,"column":44}},{"start":{"line":51,"column":44},"end":{"line":51,"column":44}}]},"12":{"line":53,"type":"if","locations":[{"start":{"line":53,"column":4},"end":{"line":53,"column":4}},{"start":{"line":53,"column":4},"end":{"line":53,"column":4}}]},"13":{"line":61,"type":"if","locations":[{"start":{"line":61,"column":28},"end":{"line":61,"column":28}},{"start":{"line":61,"column":28},"end":{"line":61,"column":28}}]},"14":{"line":61,"type":"if","locations":[{"start":{"line":61,"column":42},"end":{"line":61,"column":42}},{"start":{"line":61,"column":42},"end":{"line":61,"column":42}}]},"15":{"line":68,"type":"if","locations":[{"start":{"line":68,"column":4},"end":{"line":68,"column":4}},{"start":{"line":68,"column":4},"end":{"line":68,"column":4}}]},"16":{"line":88,"type":"if","locations":[{"start":{"line":88,"column":4},"end":{"line":88,"column":4}},{"start":{"line":88,"column":4},"end":{"line":88,"column":4}}]},"17":{"line":90,"type":"if","locations":[{"start":{"line":90,"column":4},"end":{"line":90,"column":4}},{"start":{"line":90,"column":4},"end":{"line":90,"column":4}}]}}},"contracts/DevFund/IDevFund.sol":{"l":{},"path":"/home/hungtran2492/home/Code4rena/2024-07-traitforge/contracts/DevFund/IDevFund.sol","s":{},"b":{},"f":{},"fnMap":{},"statementMap":{},"branchMap":{}},"contracts/EntityForging/EntityForging.sol":{"l":{"27":7,"32":0,"36":0,"40":0,"44":0,"48":0,"49":0,"50":0,"55":21,"59":1,"63":3,"65":3,"66":3,"67":2,"69":2,"71":2,"72":2,"73":2,"75":2,"76":2,"78":2,"79":2,"80":2,"82":2,"94":2,"95":2,"96":1,"97":1,"98":1,"103":1,"104":1,"106":1,"107":1,"111":1,"114":1,"115":1,"116":1,"117":1,"118":1,"123":1,"124":1,"125":1,"127":1,"128":1,"129":1,"130":1,"131":1,"134":1,"136":1,"138":1,"140":1,"144":1,"148":1,"150":1,"154":2,"156":2,"160":4,"161":4,"162":2,"164":0,"165":0},"path":"/home/hungtran2492/home/Code4rena/2024-07-traitforge/contracts/EntityForging/EntityForging.sol","s":{"1":0,"2":21,"3":1,"4":3,"5":3,"6":3,"7":2,"8":2,"9":2,"10":2,"11":2,"12":2,"13":2,"14":2,"15":2,"16":2,"17":1,"18":1,"19":1,"20":1,"21":1,"22":1,"23":1,"24":1,"25":1,"26":1,"27":1,"28":1,"29":1,"30":1,"31":1,"32":1,"33":1,"34":1,"35":1,"36":1,"37":1,"38":1,"39":1,"40":1,"41":1,"42":1,"43":2,"44":4,"45":4,"46":2},"b":{"1":[0,0],"2":[0,0],"3":[0,0],"4":[0,0],"5":[3,0],"6":[3,0],"7":[3,0],"8":[2,1],"9":[2,0],"10":[2,0],"11":[2,0],"12":[2,0],"13":[2,0],"14":[1,1],"15":[1,0],"16":[1,0],"17":[1,0],"18":[1,0],"19":[1,0],"20":[1,0],"21":[1,0],"22":[1,0],"23":[1,0],"24":[1,0],"25":[1,0],"26":[0,1],"27":[1,0],"28":[2,2],"29":[0,2]},"f":{"1":7,"2":0,"3":0,"4":0,"5":0,"6":0,"7":21,"8":1,"9":3,"10":2,"11":1,"12":2,"13":4},"fnMap":{"1":{"name":"constructor","line":26,"loc":{"start":{"line":26,"column":4},"end":{"line":28,"column":4}}},"2":{"name":"setNukeFundAddress","line":31,"loc":{"start":{"line":31,"column":4},"end":{"line":33,"column":4}}},"3":{"name":"setTaxCut","line":35,"loc":{"start":{"line":35,"column":4},"end":{"line":37,"column":4}}},"4":{"name":"setOneYearInDays","line":39,"loc":{"start":{"line":39,"column":4},"end":{"line":41,"column":4}}},"5":{"name":"setMinimumListingFee","line":43,"loc":{"start":{"line":43,"column":4},"end":{"line":45,"column":4}}},"6":{"name":"fetchListings","line":47,"loc":{"start":{"line":47,"column":4},"end":{"line":52,"column":4}}},"7":{"name":"getListedTokenIds","line":54,"loc":{"start":{"line":54,"column":4},"end":{"line":56,"column":4}}},"8":{"name":"getListings","line":58,"loc":{"start":{"line":58,"column":4},"end":{"line":60,"column":4}}},"9":{"name":"listForForging","line":62,"loc":{"start":{"line":62,"column":4},"end":{"line":83,"column":4}}},"10":{"name":"forgeWithListed","line":91,"loc":{"start":{"line":87,"column":4},"end":{"line":141,"column":4}}},"11":{"name":"cancelListingForForging","line":143,"loc":{"start":{"line":143,"column":4},"end":{"line":151,"column":4}}},"12":{"name":"_cancelListingForForging","line":153,"loc":{"start":{"line":153,"column":4},"end":{"line":157,"column":4}}},"13":{"name":"_resetForgingCountIfNeeded","line":159,"loc":{"start":{"line":159,"column":4},"end":{"line":167,"column":4}}}},"statementMap":{"1":{"start":{"line":49,"column":8},"end":{"line":49,"column":1720}},"2":{"start":{"line":55,"column":8},"end":{"line":55,"column":39}},"3":{"start":{"line":59,"column":8},"end":{"line":59,"column":27}},"4":{"start":{"line":63,"column":8},"end":{"line":63,"column":71}},"5":{"start":{"line":65,"column":8},"end":{"line":65,"column":77}},"6":{"start":{"line":66,"column":8},"end":{"line":66,"column":87}},"7":{"start":{"line":67,"column":8},"end":{"line":67,"column":86}},"8":{"start":{"line":69,"column":8},"end":{"line":69,"column":42}},"9":{"start":{"line":71,"column":8},"end":{"line":71,"column":62}},"10":{"start":{"line":72,"column":8},"end":{"line":72,"column":57}},"11":{"start":{"line":73,"column":8},"end":{"line":73,"column":118}},"12":{"start":{"line":75,"column":8},"end":{"line":75,"column":42}},"13":{"start":{"line":76,"column":8},"end":{"line":76,"column":61}},"14":{"start":{"line":82,"column":8},"end":{"line":82,"column":43}},"15":{"start":{"line":94,"column":8},"end":{"line":94,"column":83}},"16":{"start":{"line":95,"column":8},"end":{"line":95,"column":85}},"17":{"start":{"line":96,"column":8},"end":{"line":96,"column":100}},"18":{"start":{"line":97,"column":8},"end":{"line":97,"column":118}},"19":{"start":{"line":98,"column":8},"end":{"line":98,"column":3868}},"20":{"start":{"line":103,"column":8},"end":{"line":103,"column":51}},"21":{"start":{"line":104,"column":8},"end":{"line":104,"column":71}},"22":{"start":{"line":106,"column":8},"end":{"line":106,"column":48}},"23":{"start":{"line":107,"column":8},"end":{"line":107,"column":48}},"24":{"start":{"line":114,"column":8},"end":{"line":114,"column":74}},"25":{"start":{"line":115,"column":8},"end":{"line":115,"column":52}},"26":{"start":{"line":116,"column":8},"end":{"line":116,"column":69}},"27":{"start":{"line":118,"column":8},"end":{"line":118,"column":4878}},"28":{"start":{"line":123,"column":8},"end":{"line":123,"column":44}},"29":{"start":{"line":124,"column":8},"end":{"line":124,"column":49}},"30":{"start":{"line":125,"column":8},"end":{"line":125,"column":81}},"31":{"start":{"line":127,"column":8},"end":{"line":127,"column":92}},"32":{"start":{"line":128,"column":8},"end":{"line":128,"column":65}},"33":{"start":{"line":129,"column":8},"end":{"line":129,"column":53}},"34":{"start":{"line":130,"column":8},"end":{"line":130,"column":72}},"35":{"start":{"line":131,"column":8},"end":{"line":131,"column":62}},"36":{"start":{"line":134,"column":8},"end":{"line":134,"column":46}},"37":{"start":{"line":136,"column":8},"end":{"line":136,"column":68}},"38":{"start":{"line":138,"column":8},"end":{"line":138,"column":91}},"39":{"start":{"line":140,"column":8},"end":{"line":140,"column":25}},"40":{"start":{"line":144,"column":8},"end":{"line":144,"column":5958}},"41":{"start":{"line":148,"column":8},"end":{"line":148,"column":90}},"42":{"start":{"line":150,"column":8},"end":{"line":150,"column":40}},"43":{"start":{"line":156,"column":8},"end":{"line":156,"column":48}},"44":{"start":{"line":160,"column":8},"end":{"line":160,"column":39}},"45":{"start":{"line":161,"column":8},"end":{"line":161,"column":6592}},"46":{"start":{"line":163,"column":15},"end":{"line":163,"column":6716}}},"branchMap":{"1":{"line":31,"type":"if","locations":[{"start":{"line":31,"column":75},"end":{"line":31,"column":75}},{"start":{"line":31,"column":75},"end":{"line":31,"column":75}}]},"2":{"line":35,"type":"if","locations":[{"start":{"line":35,"column":49},"end":{"line":35,"column":49}},{"start":{"line":35,"column":49},"end":{"line":35,"column":49}}]},"3":{"line":39,"type":"if","locations":[{"start":{"line":39,"column":54},"end":{"line":39,"column":54}},{"start":{"line":39,"column":54},"end":{"line":39,"column":54}}]},"4":{"line":43,"type":"if","locations":[{"start":{"line":43,"column":57},"end":{"line":43,"column":57}},{"start":{"line":43,"column":57},"end":{"line":43,"column":57}}]},"5":{"line":62,"type":"if","locations":[{"start":{"line":62,"column":65},"end":{"line":62,"column":65}},{"start":{"line":62,"column":65},"end":{"line":62,"column":65}}]},"6":{"line":62,"type":"if","locations":[{"start":{"line":62,"column":79},"end":{"line":62,"column":79}},{"start":{"line":62,"column":79},"end":{"line":62,"column":79}}]},"7":{"line":65,"type":"if","locations":[{"start":{"line":65,"column":8},"end":{"line":65,"column":8}},{"start":{"line":65,"column":8},"end":{"line":65,"column":8}}]},"8":{"line":66,"type":"if","locations":[{"start":{"line":66,"column":8},"end":{"line":66,"column":8}},{"start":{"line":66,"column":8},"end":{"line":66,"column":8}}]},"9":{"line":67,"type":"if","locations":[{"start":{"line":67,"column":8},"end":{"line":67,"column":8}},{"start":{"line":67,"column":8},"end":{"line":67,"column":8}}]},"10":{"line":73,"type":"if","locations":[{"start":{"line":73,"column":8},"end":{"line":73,"column":8}},{"start":{"line":73,"column":8},"end":{"line":73,"column":8}}]},"11":{"line":76,"type":"if","locations":[{"start":{"line":76,"column":8},"end":{"line":76,"column":8}},{"start":{"line":76,"column":8},"end":{"line":76,"column":8}}]},"12":{"line":90,"type":"if","locations":[{"start":{"line":90,"column":8},"end":{"line":90,"column":8}},{"start":{"line":90,"column":8},"end":{"line":90,"column":8}}]},"13":{"line":91,"type":"if","locations":[{"start":{"line":91,"column":8},"end":{"line":91,"column":8}},{"start":{"line":91,"column":8},"end":{"line":91,"column":8}}]},"14":{"line":95,"type":"if","locations":[{"start":{"line":95,"column":8},"end":{"line":95,"column":8}},{"start":{"line":95,"column":8},"end":{"line":95,"column":8}}]},"15":{"line":96,"type":"if","locations":[{"start":{"line":96,"column":8},"end":{"line":96,"column":8}},{"start":{"line":96,"column":8},"end":{"line":96,"column":8}}]},"16":{"line":97,"type":"if","locations":[{"start":{"line":97,"column":8},"end":{"line":97,"column":8}},{"start":{"line":97,"column":8},"end":{"line":97,"column":8}}]},"17":{"line":98,"type":"if","locations":[{"start":{"line":98,"column":8},"end":{"line":98,"column":8}},{"start":{"line":98,"column":8},"end":{"line":98,"column":8}}]},"18":{"line":104,"type":"if","locations":[{"start":{"line":104,"column":8},"end":{"line":104,"column":8}},{"start":{"line":104,"column":8},"end":{"line":104,"column":8}}]},"19":{"line":115,"type":"if","locations":[{"start":{"line":115,"column":8},"end":{"line":115,"column":8}},{"start":{"line":115,"column":8},"end":{"line":115,"column":8}}]},"20":{"line":118,"type":"if","locations":[{"start":{"line":118,"column":8},"end":{"line":118,"column":8}},{"start":{"line":118,"column":8},"end":{"line":118,"column":8}}]},"21":{"line":129,"type":"if","locations":[{"start":{"line":129,"column":8},"end":{"line":129,"column":8}},{"start":{"line":129,"column":8},"end":{"line":129,"column":8}}]},"22":{"line":131,"type":"if","locations":[{"start":{"line":131,"column":8},"end":{"line":131,"column":8}},{"start":{"line":131,"column":8},"end":{"line":131,"column":8}}]},"23":{"line":143,"type":"if","locations":[{"start":{"line":143,"column":63},"end":{"line":143,"column":63}},{"start":{"line":143,"column":63},"end":{"line":143,"column":63}}]},"24":{"line":143,"type":"if","locations":[{"start":{"line":143,"column":77},"end":{"line":143,"column":77}},{"start":{"line":143,"column":77},"end":{"line":143,"column":77}}]},"25":{"line":144,"type":"if","locations":[{"start":{"line":144,"column":8},"end":{"line":144,"column":8}},{"start":{"line":144,"column":8},"end":{"line":144,"column":8}}]},"26":{"line":145,"type":"cond-expr","locations":[{"start":{"line":145,"column":12},"end":{"line":145,"column":53}},{"start":{"line":145,"column":58},"end":{"line":145,"column":91}}]},"27":{"line":148,"type":"if","locations":[{"start":{"line":148,"column":8},"end":{"line":148,"column":8}},{"start":{"line":148,"column":8},"end":{"line":148,"column":8}}]},"28":{"line":161,"type":"if","locations":[{"start":{"line":161,"column":8},"end":{"line":161,"column":8}},{"start":{"line":161,"column":8},"end":{"line":161,"column":8}}]},"29":{"line":163,"type":"if","locations":[{"start":{"line":163,"column":15},"end":{"line":163,"column":15}},{"start":{"line":163,"column":15},"end":{"line":163,"column":15}}]}}},"contracts/EntityForging/IEntityForging.sol":{"l":{},"path":"/home/hungtran2492/home/Code4rena/2024-07-traitforge/contracts/EntityForging/IEntityForging.sol","s":{},"b":{},"f":{},"fnMap":{},"statementMap":{},"branchMap":{}},"contracts/EntityTrading/EntityTrading.sol":{"l":{"23":8,"28":8,"32":0,"40":4,"41":4,"42":4,"47":4,"49":4,"50":4,"51":4,"53":4,"58":2,"59":2,"60":2,"63":2,"64":2,"65":2,"68":2,"69":2,"70":2,"72":2,"74":2,"78":1,"81":1,"82":1,"84":1,"86":1,"88":1,"93":2,"94":2,"95":2,"96":2},"path":"/home/hungtran2492/home/Code4rena/2024-07-traitforge/contracts/EntityTrading/EntityTrading.sol","s":{"1":4,"2":4,"3":4,"4":4,"5":4,"6":2,"7":2,"8":2,"9":2,"10":2,"11":2,"12":2,"13":2,"14":2,"15":2,"16":1,"17":1,"18":1,"19":1,"20":1,"21":2,"22":2,"23":2,"24":2},"b":{"1":[8,0],"2":[0,0],"3":[4,0],"4":[4,0],"5":[4,0],"6":[4,0],"7":[4,0],"8":[4,0],"9":[2,0],"10":[2,0],"11":[2,0],"12":[2,0],"13":[2,0],"14":[1,0],"15":[1,0],"16":[1,0],"17":[1,0],"18":[2,0],"19":[2,0]},"f":{"1":8,"2":8,"3":0,"4":4,"5":2,"6":1,"7":2},"fnMap":{"1":{"name":"constructor","line":22,"loc":{"start":{"line":22,"column":4},"end":{"line":24,"column":4}}},"2":{"name":"setNukeFundAddress","line":27,"loc":{"start":{"line":27,"column":4},"end":{"line":29,"column":4}}},"3":{"name":"setTaxCut","line":31,"loc":{"start":{"line":31,"column":4},"end":{"line":33,"column":4}}},"4":{"name":"listNFTForSale","line":39,"loc":{"start":{"line":39,"column":4},"end":{"line":54,"column":4}}},"5":{"name":"buyNFT","line":57,"loc":{"start":{"line":57,"column":4},"end":{"line":75,"column":4}}},"6":{"name":"cancelListing","line":77,"loc":{"start":{"line":77,"column":4},"end":{"line":89,"column":4}}},"7":{"name":"transferToNukeFund","line":92,"loc":{"start":{"line":92,"column":4},"end":{"line":97,"column":4}}}},"statementMap":{"1":{"start":{"line":40,"column":8},"end":{"line":40,"column":60}},"2":{"start":{"line":41,"column":8},"end":{"line":41,"column":91}},"3":{"start":{"line":42,"column":8},"end":{"line":42,"column":1854}},"4":{"start":{"line":47,"column":8},"end":{"line":47,"column":67}},"5":{"start":{"line":53,"column":8},"end":{"line":53,"column":50}},"6":{"start":{"line":58,"column":8},"end":{"line":58,"column":66}},"7":{"start":{"line":59,"column":8},"end":{"line":59,"column":87}},"8":{"start":{"line":60,"column":8},"end":{"line":60,"column":75}},"9":{"start":{"line":63,"column":8},"end":{"line":63,"column":57}},"10":{"start":{"line":64,"column":8},"end":{"line":64,"column":65}},"11":{"start":{"line":65,"column":8},"end":{"line":65,"column":47}},"12":{"start":{"line":68,"column":8},"end":{"line":68,"column":81}},"13":{"start":{"line":69,"column":8},"end":{"line":69,"column":51}},"14":{"start":{"line":70,"column":8},"end":{"line":70,"column":67}},"15":{"start":{"line":74,"column":8},"end":{"line":74,"column":90}},"16":{"start":{"line":78,"column":8},"end":{"line":78,"column":67}},"17":{"start":{"line":81,"column":8},"end":{"line":81,"column":86}},"18":{"start":{"line":82,"column":8},"end":{"line":82,"column":58}},"19":{"start":{"line":84,"column":8},"end":{"line":84,"column":67}},"20":{"start":{"line":88,"column":8},"end":{"line":88,"column":49}},"21":{"start":{"line":93,"column":8},"end":{"line":93,"column":73}},"22":{"start":{"line":94,"column":8},"end":{"line":94,"column":65}},"23":{"start":{"line":95,"column":8},"end":{"line":95,"column":59}},"24":{"start":{"line":96,"column":8},"end":{"line":96,"column":56}}},"branchMap":{"1":{"line":27,"type":"if","locations":[{"start":{"line":27,"column":75},"end":{"line":27,"column":75}},{"start":{"line":27,"column":75},"end":{"line":27,"column":75}}]},"2":{"line":31,"type":"if","locations":[{"start":{"line":31,"column":49},"end":{"line":31,"column":49}},{"start":{"line":31,"column":49},"end":{"line":31,"column":49}}]},"3":{"line":39,"type":"if","locations":[{"start":{"line":39,"column":67},"end":{"line":39,"column":67}},{"start":{"line":39,"column":67},"end":{"line":39,"column":67}}]},"4":{"line":39,"type":"if","locations":[{"start":{"line":39,"column":81},"end":{"line":39,"column":81}},{"start":{"line":39,"column":81},"end":{"line":39,"column":81}}]},"5":{"line":40,"type":"if","locations":[{"start":{"line":40,"column":8},"end":{"line":40,"column":8}},{"start":{"line":40,"column":8},"end":{"line":40,"column":8}}]},"6":{"line":41,"type":"if","locations":[{"start":{"line":41,"column":8},"end":{"line":41,"column":8}},{"start":{"line":41,"column":8},"end":{"line":41,"column":8}}]},"7":{"line":42,"type":"if","locations":[{"start":{"line":42,"column":8},"end":{"line":42,"column":8}},{"start":{"line":42,"column":8},"end":{"line":42,"column":8}}]},"8":{"line":43,"type":"cond-expr","locations":[{"start":{"line":43,"column":12},"end":{"line":43,"column":60}},{"start":{"line":43,"column":65},"end":{"line":43,"column":119}}]},"9":{"line":57,"type":"if","locations":[{"start":{"line":57,"column":54},"end":{"line":57,"column":54}},{"start":{"line":57,"column":54},"end":{"line":57,"column":54}}]},"10":{"line":57,"type":"if","locations":[{"start":{"line":57,"column":68},"end":{"line":57,"column":68}},{"start":{"line":57,"column":68},"end":{"line":57,"column":68}}]},"11":{"line":59,"type":"if","locations":[{"start":{"line":59,"column":8},"end":{"line":59,"column":8}},{"start":{"line":59,"column":8},"end":{"line":59,"column":8}}]},"12":{"line":60,"type":"if","locations":[{"start":{"line":60,"column":8},"end":{"line":60,"column":8}},{"start":{"line":60,"column":8},"end":{"line":60,"column":8}}]},"13":{"line":69,"type":"if","locations":[{"start":{"line":69,"column":8},"end":{"line":69,"column":8}},{"start":{"line":69,"column":8},"end":{"line":69,"column":8}}]},"14":{"line":77,"type":"if","locations":[{"start":{"line":77,"column":51},"end":{"line":77,"column":51}},{"start":{"line":77,"column":51},"end":{"line":77,"column":51}}]},"15":{"line":77,"type":"if","locations":[{"start":{"line":77,"column":65},"end":{"line":77,"column":65}},{"start":{"line":77,"column":65},"end":{"line":77,"column":65}}]},"16":{"line":81,"type":"if","locations":[{"start":{"line":81,"column":8},"end":{"line":81,"column":8}},{"start":{"line":81,"column":8},"end":{"line":81,"column":8}}]},"17":{"line":82,"type":"if","locations":[{"start":{"line":82,"column":8},"end":{"line":82,"column":8}},{"start":{"line":82,"column":8},"end":{"line":82,"column":8}}]},"18":{"line":93,"type":"if","locations":[{"start":{"line":93,"column":8},"end":{"line":93,"column":8}},{"start":{"line":93,"column":8},"end":{"line":93,"column":8}}]},"19":{"line":95,"type":"if","locations":[{"start":{"line":95,"column":8},"end":{"line":95,"column":8}},{"start":{"line":95,"column":8},"end":{"line":95,"column":8}}]}}},"contracts/EntityTrading/IEntityTrading.sol":{"l":{},"path":"/home/hungtran2492/home/Code4rena/2024-07-traitforge/contracts/EntityTrading/IEntityTrading.sol","s":{},"b":{},"f":{},"fnMap":{},"statementMap":{},"branchMap":{}},"contracts/EntropyGenerator/EntropyGenerator.sol":{"l":{"26":18,"27":18,"31":8,"32":8,"37":1,"38":1,"43":1,"49":8,"51":8,"52":8,"53":8,"54":2048,"55":2048,"56":2048,"59":8,"65":1,"70":1,"71":1,"72":1,"73":256,"74":256,"75":256,"78":1,"84":1,"88":1,"89":1,"90":258,"91":258,"94":1,"99":18,"100":18,"102":18,"103":0,"104":0,"105":0,"107":0,"110":18,"114":18,"116":18,"121":0,"126":3,"135":1,"138":1,"139":1,"140":1,"143":1,"144":1,"146":1,"151":19,"153":19,"154":0,"157":19,"158":19,"160":19,"161":19,"162":19,"164":19,"169":19,"170":19,"171":104,"172":104,"174":19,"179":1,"180":1,"182":1,"188":8,"190":8,"191":8,"193":8,"194":8},"path":"/home/hungtran2492/home/Code4rena/2024-07-traitforge/contracts/EntropyGenerator/EntropyGenerator.sol","s":{"1":18,"2":8,"3":1,"4":1,"5":8,"6":8,"7":8,"8":2048,"9":2048,"10":1,"11":1,"12":1,"13":256,"14":256,"15":1,"16":1,"17":258,"18":18,"19":18,"20":18,"21":0,"22":18,"23":18,"24":0,"25":3,"26":1,"27":1,"28":1,"29":19,"30":19,"31":0,"32":19,"33":19,"34":19,"35":19,"36":19,"37":19,"38":19,"39":19,"40":19,"41":1,"42":1,"43":8,"44":8,"45":8},"b":{"1":[18,0],"2":[1,0],"3":[8,0],"4":[2048,0],"5":[1,0],"6":[256,0],"7":[1,0],"8":[18,0],"9":[18,0],"10":[0,18],"11":[0,0],"12":[19,0],"13":[0,19],"14":[19,0],"15":[8,0],"16":[8,0]},"f":{"1":18,"2":8,"3":1,"4":1,"5":8,"6":1,"7":1,"8":18,"9":0,"10":3,"11":1,"12":19,"13":19,"14":1,"15":8},"fnMap":{"1":{"name":"onlyAllowedCaller","line":25,"loc":{"start":{"line":25,"column":4},"end":{"line":28,"column":4}}},"2":{"name":"constructor","line":30,"loc":{"start":{"line":30,"column":4},"end":{"line":33,"column":4}}},"3":{"name":"setAllowedCaller","line":36,"loc":{"start":{"line":36,"column":4},"end":{"line":39,"column":4}}},"4":{"name":"getAllowedCaller","line":42,"loc":{"start":{"line":42,"column":4},"end":{"line":44,"column":4}}},"5":{"name":"writeEntropyBatch1","line":48,"loc":{"start":{"line":48,"column":4},"end":{"line":60,"column":4}}},"6":{"name":"writeEntropyBatch2","line":64,"loc":{"start":{"line":64,"column":4},"end":{"line":79,"column":4}}},"7":{"name":"writeEntropyBatch3","line":83,"loc":{"start":{"line":83,"column":4},"end":{"line":95,"column":4}}},"8":{"name":"getNextEntropy","line":98,"loc":{"start":{"line":98,"column":4},"end":{"line":117,"column":4}}},"9":{"name":"getPublicEntropy","line":120,"loc":{"start":{"line":120,"column":4},"end":{"line":122,"column":4}}},"10":{"name":"getLastInitializedIndex","line":125,"loc":{"start":{"line":125,"column":4},"end":{"line":127,"column":4}}},"11":{"name":"deriveTokenParameters","line":130,"loc":{"start":{"line":130,"column":4},"end":{"line":147,"column":4}}},"12":{"name":"getEntropy","line":150,"loc":{"start":{"line":150,"column":4},"end":{"line":165,"column":4}}},"13":{"name":"numberOfDigits","line":168,"loc":{"start":{"line":168,"column":4},"end":{"line":175,"column":4}}},"14":{"name":"getFirstDigit","line":178,"loc":{"start":{"line":178,"column":4},"end":{"line":183,"column":4}}},"15":{"name":"initializeAlphaIndices","line":187,"loc":{"start":{"line":187,"column":4},"end":{"line":195,"column":4}}}},"statementMap":{"1":{"start":{"line":26,"column":8},"end":{"line":26,"column":68}},"2":{"start":{"line":32,"column":8},"end":{"line":32,"column":31}},"3":{"start":{"line":38,"column":8},"end":{"line":38,"column":49}},"4":{"start":{"line":43,"column":8},"end":{"line":43,"column":28}},"5":{"start":{"line":49,"column":8},"end":{"line":49,"column":81}},"6":{"start":{"line":51,"column":8},"end":{"line":51,"column":60}},"7":{"start":{"line":53,"column":12},"end":{"line":53,"column":2166}},"8":{"start":{"line":54,"column":16},"end":{"line":54,"column":117}},"9":{"start":{"line":55,"column":16},"end":{"line":55,"column":76}},"10":{"start":{"line":65,"column":8},"end":{"line":65,"column":2744}},"11":{"start":{"line":70,"column":8},"end":{"line":70,"column":60}},"12":{"start":{"line":72,"column":12},"end":{"line":72,"column":3004}},"13":{"start":{"line":73,"column":16},"end":{"line":73,"column":117}},"14":{"start":{"line":74,"column":16},"end":{"line":74,"column":76}},"15":{"start":{"line":84,"column":8},"end":{"line":84,"column":3504}},"16":{"start":{"line":89,"column":12},"end":{"line":89,"column":3701}},"17":{"start":{"line":90,"column":16},"end":{"line":90,"column":117}},"18":{"start":{"line":99,"column":8},"end":{"line":99,"column":75}},"19":{"start":{"line":100,"column":8},"end":{"line":100,"column":74}},"20":{"start":{"line":102,"column":8},"end":{"line":102,"column":4337}},"21":{"start":{"line":104,"column":12},"end":{"line":104,"column":4437}},"22":{"start":{"line":114,"column":8},"end":{"line":114,"column":38}},"23":{"start":{"line":116,"column":8},"end":{"line":116,"column":22}},"24":{"start":{"line":121,"column":8},"end":{"line":121,"column":49}},"25":{"start":{"line":126,"column":8},"end":{"line":126,"column":35}},"26":{"start":{"line":135,"column":8},"end":{"line":135,"column":60}},"27":{"start":{"line":143,"column":8},"end":{"line":143,"column":34}},"28":{"start":{"line":146,"column":8},"end":{"line":146,"column":72}},"29":{"start":{"line":151,"column":8},"end":{"line":151,"column":70}},"30":{"start":{"line":153,"column":8},"end":{"line":153,"column":6335}},"31":{"start":{"line":154,"column":12},"end":{"line":154,"column":25}},"32":{"start":{"line":157,"column":8},"end":{"line":157,"column":42}},"33":{"start":{"line":158,"column":8},"end":{"line":158,"column":60}},"34":{"start":{"line":160,"column":8},"end":{"line":160,"column":51}},"35":{"start":{"line":161,"column":8},"end":{"line":161,"column":73}},"36":{"start":{"line":162,"column":8},"end":{"line":162,"column":79}},"37":{"start":{"line":164,"column":8},"end":{"line":164,"column":28}},"38":{"start":{"line":169,"column":8},"end":{"line":169,"column":26}},"39":{"start":{"line":170,"column":8},"end":{"line":170,"column":7199}},"40":{"start":{"line":174,"column":8},"end":{"line":174,"column":21}},"41":{"start":{"line":179,"column":8},"end":{"line":179,"column":7442}},"42":{"start":{"line":182,"column":8},"end":{"line":182,"column":21}},"43":{"start":{"line":188,"column":8},"end":{"line":188,"column":110}},"44":{"start":{"line":190,"column":8},"end":{"line":190,"column":60}},"45":{"start":{"line":191,"column":8},"end":{"line":191,"column":53}}},"branchMap":{"1":{"line":26,"type":"if","locations":[{"start":{"line":26,"column":8},"end":{"line":26,"column":8}},{"start":{"line":26,"column":8},"end":{"line":26,"column":8}}]},"2":{"line":36,"type":"if","locations":[{"start":{"line":36,"column":63},"end":{"line":36,"column":63}},{"start":{"line":36,"column":63},"end":{"line":36,"column":63}}]},"3":{"line":49,"type":"if","locations":[{"start":{"line":49,"column":8},"end":{"line":49,"column":8}},{"start":{"line":49,"column":8},"end":{"line":49,"column":8}}]},"4":{"line":55,"type":"if","locations":[{"start":{"line":55,"column":16},"end":{"line":55,"column":16}},{"start":{"line":55,"column":16},"end":{"line":55,"column":16}}]},"5":{"line":65,"type":"if","locations":[{"start":{"line":65,"column":8},"end":{"line":65,"column":8}},{"start":{"line":65,"column":8},"end":{"line":65,"column":8}}]},"6":{"line":74,"type":"if","locations":[{"start":{"line":74,"column":16},"end":{"line":74,"column":16}},{"start":{"line":74,"column":16},"end":{"line":74,"column":16}}]},"7":{"line":84,"type":"if","locations":[{"start":{"line":84,"column":8},"end":{"line":84,"column":8}},{"start":{"line":84,"column":8},"end":{"line":84,"column":8}}]},"8":{"line":98,"type":"if","locations":[{"start":{"line":98,"column":37},"end":{"line":98,"column":37}},{"start":{"line":98,"column":37},"end":{"line":98,"column":37}}]},"9":{"line":99,"type":"if","locations":[{"start":{"line":99,"column":8},"end":{"line":99,"column":8}},{"start":{"line":99,"column":8},"end":{"line":99,"column":8}}]},"10":{"line":102,"type":"if","locations":[{"start":{"line":102,"column":8},"end":{"line":102,"column":8}},{"start":{"line":102,"column":8},"end":{"line":102,"column":8}}]},"11":{"line":104,"type":"if","locations":[{"start":{"line":104,"column":12},"end":{"line":104,"column":12}},{"start":{"line":104,"column":12},"end":{"line":104,"column":12}}]},"12":{"line":151,"type":"if","locations":[{"start":{"line":151,"column":8},"end":{"line":151,"column":8}},{"start":{"line":151,"column":8},"end":{"line":151,"column":8}}]},"13":{"line":153,"type":"if","locations":[{"start":{"line":153,"column":8},"end":{"line":153,"column":8}},{"start":{"line":153,"column":8},"end":{"line":153,"column":8}}]},"14":{"line":158,"type":"if","locations":[{"start":{"line":158,"column":8},"end":{"line":158,"column":8}},{"start":{"line":158,"column":8},"end":{"line":158,"column":8}}]},"15":{"line":187,"type":"if","locations":[{"start":{"line":187,"column":45},"end":{"line":187,"column":45}},{"start":{"line":187,"column":45},"end":{"line":187,"column":45}}]},"16":{"line":187,"type":"if","locations":[{"start":{"line":187,"column":59},"end":{"line":187,"column":59}},{"start":{"line":187,"column":59},"end":{"line":187,"column":59}}]}}},"contracts/EntropyGenerator/IEntropyGenerator.sol":{"l":{},"path":"/home/hungtran2492/home/Code4rena/2024-07-traitforge/contracts/EntropyGenerator/IEntropyGenerator.sol","s":{},"b":{},"f":{},"fnMap":{},"statementMap":{},"branchMap":{}},"contracts/NukeFund/INukeFund.sol":{"l":{},"path":"/home/hungtran2492/home/Code4rena/2024-07-traitforge/contracts/NukeFund/INukeFund.sol","s":{},"b":{},"f":{},"fnMap":{},"statementMap":{},"branchMap":{}},"contracts/NukeFund/NukeFund.sol":{"l":{"28":7,"29":7,"30":7,"31":7,"36":19,"37":19,"39":19,"41":19,"42":19,"43":19,"44":19,"46":0,"47":0,"49":0,"50":0,"51":0,"54":19,"55":19,"60":0,"65":6,"70":0,"75":0,"80":0,"85":1,"86":1,"91":0,"92":0,"97":0,"98":0,"103":0,"104":0,"109":5,"114":0,"119":0,"126":3,"128":3,"129":3,"131":3,"132":3,"138":2,"140":2,"141":2,"143":2,"145":2,"147":2,"153":1,"154":1,"158":1,"160":1,"161":1,"162":1,"165":1,"167":1,"169":1,"170":1,"171":1,"173":1,"174":1,"181":6,"182":6,"184":6},"path":"/home/hungtran2492/home/Code4rena/2024-07-traitforge/contracts/NukeFund/NukeFund.sol","s":{"1":1,"2":0,"3":0,"4":0,"5":5,"6":0,"7":3,"8":3,"9":3,"10":3,"11":3,"12":2,"13":2,"14":2,"15":2,"16":2,"17":2,"18":1,"19":1,"20":1,"21":1,"22":1,"23":1,"24":1,"25":1,"26":1,"27":1,"28":1,"29":1,"30":6,"31":6,"32":6},"b":{"1":[19,0],"2":[19,0],"3":[0,0],"4":[0,0],"5":[0,0],"6":[0,0],"7":[6,0],"8":[0,0],"9":[0,0],"10":[0,0],"11":[1,0],"12":[0,0],"13":[0,0],"14":[0,0],"15":[0,0],"16":[3,0],"17":[2,0],"18":[1,0],"19":[1,0],"20":[1,0],"21":[1,0],"22":[1,0],"23":[1,0],"24":[0,1],"25":[1,0],"26":[6,0]},"f":{"1":7,"2":0,"3":6,"4":0,"5":0,"6":0,"7":1,"8":0,"9":0,"10":0,"11":5,"12":0,"13":0,"14":3,"15":2,"16":1,"17":6},"fnMap":{"1":{"name":"constructor","line":27,"loc":{"start":{"line":27,"column":4},"end":{"line":32,"column":4}}},"2":{"name":"setTaxCut","line":59,"loc":{"start":{"line":59,"column":4},"end":{"line":61,"column":4}}},"3":{"name":"setMinimumDaysHeld","line":64,"loc":{"start":{"line":64,"column":4},"end":{"line":66,"column":4}}},"4":{"name":"setDefaultNukeFactorIncrease","line":69,"loc":{"start":{"line":69,"column":4},"end":{"line":71,"column":4}}},"5":{"name":"setMaxAllowedClaimDivisor","line":74,"loc":{"start":{"line":74,"column":4},"end":{"line":76,"column":4}}},"6":{"name":"setNukeFactorMaxParam","line":79,"loc":{"start":{"line":79,"column":4},"end":{"line":81,"column":4}}},"7":{"name":"setTraitForgeNftContract","line":84,"loc":{"start":{"line":84,"column":4},"end":{"line":87,"column":4}}},"8":{"name":"setAirdropContract","line":90,"loc":{"start":{"line":90,"column":4},"end":{"line":93,"column":4}}},"9":{"name":"setDevAddress","line":96,"loc":{"start":{"line":96,"column":4},"end":{"line":99,"column":4}}},"10":{"name":"setDaoAddress","line":102,"loc":{"start":{"line":102,"column":4},"end":{"line":105,"column":4}}},"11":{"name":"getFundBalance","line":108,"loc":{"start":{"line":108,"column":4},"end":{"line":110,"column":4}}},"12":{"name":"setAgeMultplier","line":113,"loc":{"start":{"line":113,"column":4},"end":{"line":115,"column":4}}},"13":{"name":"getAgeMultiplier","line":118,"loc":{"start":{"line":118,"column":4},"end":{"line":120,"column":4}}},"14":{"name":"calculateAge","line":125,"loc":{"start":{"line":125,"column":4},"end":{"line":133,"column":4}}},"15":{"name":"calculateNukeFactor","line":137,"loc":{"start":{"line":137,"column":4},"end":{"line":148,"column":4}}},"16":{"name":"nuke","line":152,"loc":{"start":{"line":152,"column":4},"end":{"line":175,"column":4}}},"17":{"name":"canTokenBeNuked","line":179,"loc":{"start":{"line":179,"column":4},"end":{"line":185,"column":4}}}},"statementMap":{"1":{"start":{"line":86,"column":8},"end":{"line":86,"column":56}},"2":{"start":{"line":92,"column":8},"end":{"line":92,"column":44}},"3":{"start":{"line":98,"column":8},"end":{"line":98,"column":39}},"4":{"start":{"line":104,"column":8},"end":{"line":104,"column":39}},"5":{"start":{"line":109,"column":8},"end":{"line":109,"column":19}},"6":{"start":{"line":119,"column":8},"end":{"line":119,"column":28}},"7":{"start":{"line":126,"column":8},"end":{"line":126,"column":82}},"8":{"start":{"line":128,"column":8},"end":{"line":128,"column":107}},"9":{"start":{"line":129,"column":8},"end":{"line":129,"column":76}},"10":{"start":{"line":131,"column":8},"end":{"line":131,"column":90}},"11":{"start":{"line":132,"column":8},"end":{"line":132,"column":18}},"12":{"start":{"line":138,"column":8},"end":{"line":138,"column":106}},"13":{"start":{"line":140,"column":8},"end":{"line":140,"column":62}},"14":{"start":{"line":141,"column":8},"end":{"line":141,"column":51}},"15":{"start":{"line":143,"column":8},"end":{"line":143,"column":48}},"16":{"start":{"line":145,"column":8},"end":{"line":145,"column":115}},"17":{"start":{"line":147,"column":8},"end":{"line":147,"column":30}},"18":{"start":{"line":153,"column":8},"end":{"line":153,"column":115}},"19":{"start":{"line":154,"column":8},"end":{"line":154,"column":6095}},"20":{"start":{"line":158,"column":8},"end":{"line":158,"column":67}},"21":{"start":{"line":160,"column":8},"end":{"line":160,"column":62}},"22":{"start":{"line":161,"column":8},"end":{"line":161,"column":81}},"23":{"start":{"line":162,"column":8},"end":{"line":162,"column":69}},"24":{"start":{"line":165,"column":8},"end":{"line":165,"column":113}},"25":{"start":{"line":169,"column":8},"end":{"line":169,"column":32}},"26":{"start":{"line":170,"column":8},"end":{"line":170,"column":74}},"27":{"start":{"line":171,"column":8},"end":{"line":171,"column":47}},"28":{"start":{"line":173,"column":8},"end":{"line":173,"column":52}},"29":{"start":{"line":174,"column":8},"end":{"line":174,"column":37}},"30":{"start":{"line":181,"column":8},"end":{"line":181,"column":106}},"31":{"start":{"line":182,"column":8},"end":{"line":182,"column":107}},"32":{"start":{"line":184,"column":8},"end":{"line":184,"column":51}}},"branchMap":{"1":{"line":41,"type":"if","locations":[{"start":{"line":41,"column":8},"end":{"line":41,"column":8}},{"start":{"line":41,"column":8},"end":{"line":41,"column":8}}]},"2":{"line":43,"type":"if","locations":[{"start":{"line":43,"column":12},"end":{"line":43,"column":12}},{"start":{"line":43,"column":12},"end":{"line":43,"column":12}}]},"3":{"line":45,"type":"if","locations":[{"start":{"line":45,"column":15},"end":{"line":45,"column":15}},{"start":{"line":45,"column":15},"end":{"line":45,"column":15}}]},"4":{"line":47,"type":"if","locations":[{"start":{"line":47,"column":12},"end":{"line":47,"column":12}},{"start":{"line":47,"column":12},"end":{"line":47,"column":12}}]},"5":{"line":50,"type":"if","locations":[{"start":{"line":50,"column":12},"end":{"line":50,"column":12}},{"start":{"line":50,"column":12},"end":{"line":50,"column":12}}]},"6":{"line":59,"type":"if","locations":[{"start":{"line":59,"column":49},"end":{"line":59,"column":49}},{"start":{"line":59,"column":49},"end":{"line":59,"column":49}}]},"7":{"line":64,"type":"if","locations":[{"start":{"line":64,"column":56},"end":{"line":64,"column":56}},{"start":{"line":64,"column":56},"end":{"line":64,"column":56}}]},"8":{"line":69,"type":"if","locations":[{"start":{"line":69,"column":66},"end":{"line":69,"column":66}},{"start":{"line":69,"column":66},"end":{"line":69,"column":66}}]},"9":{"line":74,"type":"if","locations":[{"start":{"line":74,"column":63},"end":{"line":74,"column":63}},{"start":{"line":74,"column":63},"end":{"line":74,"column":63}}]},"10":{"line":79,"type":"if","locations":[{"start":{"line":79,"column":59},"end":{"line":79,"column":59}},{"start":{"line":79,"column":59},"end":{"line":79,"column":59}}]},"11":{"line":84,"type":"if","locations":[{"start":{"line":84,"column":71},"end":{"line":84,"column":71}},{"start":{"line":84,"column":71},"end":{"line":84,"column":71}}]},"12":{"line":90,"type":"if","locations":[{"start":{"line":90,"column":59},"end":{"line":90,"column":59}},{"start":{"line":90,"column":59},"end":{"line":90,"column":59}}]},"13":{"line":96,"type":"if","locations":[{"start":{"line":96,"column":61},"end":{"line":96,"column":61}},{"start":{"line":96,"column":61},"end":{"line":96,"column":61}}]},"14":{"line":102,"type":"if","locations":[{"start":{"line":102,"column":61},"end":{"line":102,"column":61}},{"start":{"line":102,"column":61},"end":{"line":102,"column":61}}]},"15":{"line":113,"type":"if","locations":[{"start":{"line":113,"column":62},"end":{"line":113,"column":62}},{"start":{"line":113,"column":62},"end":{"line":113,"column":62}}]},"16":{"line":126,"type":"if","locations":[{"start":{"line":126,"column":8},"end":{"line":126,"column":8}},{"start":{"line":126,"column":8},"end":{"line":126,"column":8}}]},"17":{"line":138,"type":"if","locations":[{"start":{"line":138,"column":8},"end":{"line":138,"column":8}},{"start":{"line":138,"column":8},"end":{"line":138,"column":8}}]},"18":{"line":152,"type":"if","locations":[{"start":{"line":152,"column":42},"end":{"line":152,"column":42}},{"start":{"line":152,"column":42},"end":{"line":152,"column":42}}]},"19":{"line":152,"type":"if","locations":[{"start":{"line":152,"column":56},"end":{"line":152,"column":56}},{"start":{"line":152,"column":56},"end":{"line":152,"column":56}}]},"20":{"line":153,"type":"if","locations":[{"start":{"line":153,"column":8},"end":{"line":153,"column":8}},{"start":{"line":153,"column":8},"end":{"line":153,"column":8}}]},"21":{"line":154,"type":"if","locations":[{"start":{"line":154,"column":8},"end":{"line":154,"column":8}},{"start":{"line":154,"column":8},"end":{"line":154,"column":8}}]},"22":{"line":155,"type":"cond-expr","locations":[{"start":{"line":155,"column":12},"end":{"line":155,"column":60}},{"start":{"line":155,"column":65},"end":{"line":155,"column":119}}]},"23":{"line":158,"type":"if","locations":[{"start":{"line":158,"column":8},"end":{"line":158,"column":8}},{"start":{"line":158,"column":8},"end":{"line":158,"column":8}}]},"24":{"line":165,"type":"if","locations":[{"start":{"line":165,"column":69},"end":{"line":165,"column":89}},{"start":{"line":165,"column":93},"end":{"line":165,"column":112}}]},"25":{"line":171,"type":"if","locations":[{"start":{"line":171,"column":8},"end":{"line":171,"column":8}},{"start":{"line":171,"column":8},"end":{"line":171,"column":8}}]},"26":{"line":181,"type":"if","locations":[{"start":{"line":181,"column":8},"end":{"line":181,"column":8}},{"start":{"line":181,"column":8},"end":{"line":181,"column":8}}]}}},"contracts/test/TestERC721.sol":{"l":{"12":1,"13":1},"path":"/home/hungtran2492/home/Code4rena/2024-07-traitforge/contracts/test/TestERC721.sol","s":{"1":1},"b":{},"f":{"1":1,"2":1},"fnMap":{"1":{"name":"constructor","line":9,"loc":{"start":{"line":9,"column":2},"end":{"line":9,"column":51}}},"2":{"name":"mintToken","line":11,"loc":{"start":{"line":11,"column":2},"end":{"line":14,"column":2}}}},"statementMap":{"1":{"start":{"line":12,"column":4},"end":{"line":12,"column":23}}},"branchMap":{}},"contracts/Trait/ITrait.sol":{"l":{},"path":"/home/hungtran2492/home/Code4rena/2024-07-traitforge/contracts/Trait/ITrait.sol","s":{},"b":{},"f":{},"fnMap":{},"statementMap":{},"branchMap":{}},"contracts/Trait/Trait.sol":{"l":{"16":2,"17":2,"21":0,"25":0,"26":0},"path":"/home/hungtran2492/home/Code4rena/2024-07-traitforge/contracts/Trait/Trait.sol","s":{"1":2,"2":0,"3":0,"4":0},"b":{},"f":{"1":2,"2":0,"3":0},"fnMap":{"1":{"name":"constructor","line":15,"loc":{"start":{"line":10,"column":2},"end":{"line":18,"column":2}}},"2":{"name":"decimals","line":20,"loc":{"start":{"line":20,"column":2},"end":{"line":22,"column":2}}},"3":{"name":"burn","line":24,"loc":{"start":{"line":24,"column":2},"end":{"line":27,"column":2}}}},"statementMap":{"1":{"start":{"line":17,"column":4},"end":{"line":17,"column":34}},"2":{"start":{"line":21,"column":4},"end":{"line":21,"column":20}},"3":{"start":{"line":25,"column":4},"end":{"line":25,"column":28}},"4":{"start":{"line":26,"column":4},"end":{"line":26,"column":15}}},"branchMap":{}},"contracts/TraitForgeNft/ITraitForgeNft.sol":{"l":{},"path":"/home/hungtran2492/home/Code4rena/2024-07-traitforge/contracts/TraitForgeNft/ITraitForgeNft.sol","s":{},"b":{},"f":{},"fnMap":{},"statementMap":{},"branchMap":{}},"contracts/TraitForgeNft/TraitForgeNft.sol":{"l":{"47":18,"48":17,"50":17,"54":8,"60":7,"61":7,"67":7,"69":7,"74":7,"76":7,"81":7,"83":7,"88":0,"93":0,"98":0,"103":0,"108":0,"109":0,"114":7,"119":0,"124":0,"129":2,"134":1,"135":1,"136":1,"137":1,"139":1,"149":1,"150":1,"153":1,"156":1,"157":1,"160":1,"162":1,"173":17,"174":17,"176":17,"178":17,"179":17,"180":17,"181":17,"193":0,"194":0,"195":0,"197":0,"198":0,"199":0,"200":0,"201":0,"203":0,"204":0,"205":0,"211":17,"212":17,"213":17,"214":17,"219":15,"220":15,"225":3,"234":1,"235":1,"240":6,"241":6,"246":3,"247":3,"252":5,"253":5,"254":5,"259":17,"260":0,"263":17,"264":17,"265":17,"266":17,"268":17,"269":17,"270":17,"271":17,"272":17,"274":17,"275":17,"278":17,"280":17,"285":1,"287":1,"288":1,"289":1,"291":1,"292":1,"293":1,"294":1,"295":1,"297":1,"298":0,"301":1,"302":1,"305":1,"306":1,"311":0,"312":0,"313":0,"314":0,"315":0,"316":0,"322":17,"324":17,"325":17,"327":17,"336":21,"338":21,"340":21,"341":21,"344":21,"345":1,"346":1,"347":1,"351":21},"path":"/home/hungtran2492/home/Code4rena/2024-07-traitforge/contracts/TraitForgeNft/TraitForgeNft.sol","s":{"1":18,"2":17,"3":7,"4":7,"5":7,"6":7,"7":0,"8":0,"9":0,"10":2,"11":1,"12":1,"13":1,"14":1,"15":1,"16":1,"17":1,"18":1,"19":1,"20":1,"21":1,"22":1,"23":17,"24":17,"25":17,"26":17,"27":17,"28":17,"29":17,"30":0,"31":0,"32":0,"33":0,"34":0,"35":0,"36":0,"37":0,"38":17,"39":17,"40":17,"41":17,"42":15,"43":15,"44":3,"45":6,"46":6,"47":3,"48":3,"49":5,"50":5,"51":5,"52":17,"53":0,"54":17,"55":17,"56":17,"57":17,"58":17,"59":17,"60":17,"61":1,"62":1,"63":1,"64":1,"65":0,"66":1,"67":1,"68":1,"69":1,"70":0,"71":0,"72":0,"73":17,"74":17,"75":17,"76":17,"77":21,"78":21,"79":21,"80":21,"81":1,"82":1,"83":1,"84":21},"b":{"1":[17,1],"2":[16,1],"3":[7,0],"4":[7,0],"5":[7,0],"6":[7,0],"7":[7,0],"8":[7,0],"9":[7,0],"10":[0,0],"11":[0,0],"12":[0,0],"13":[0,0],"14":[0,0],"15":[0,0],"16":[0,0],"17":[7,0],"18":[0,0],"19":[1,0],"20":[1,0],"21":[1,0],"22":[1,0],"23":[1,0],"24":[1,0],"25":[1,0],"26":[1,0],"27":[18,0],"28":[18,0],"29":[17,1],"30":[17,0],"31":[17,0],"32":[17,0],"33":[0,0],"34":[0,0],"35":[0,0],"36":[0,0],"37":[0,0],"38":[15,0],"39":[6,0],"40":[3,0],"41":[0,17],"42":[17,0],"43":[1,0],"44":[0,1],"45":[1,0],"46":[0,0],"47":[17,0],"48":[17,0],"49":[21,0],"50":[1,20],"51":[1,0],"52":[21,0]},"f":{"1":18,"2":8,"3":7,"4":7,"5":7,"6":7,"7":0,"8":0,"9":0,"10":0,"11":0,"12":7,"13":0,"14":0,"15":2,"16":1,"17":1,"18":17,"19":0,"20":17,"21":15,"22":3,"23":1,"24":6,"25":3,"26":5,"27":17,"28":1,"29":0,"30":17,"31":21},"fnMap":{"1":{"name":"onlyWhitelisted","line":46,"loc":{"start":{"line":46,"column":4},"end":{"line":51,"column":4}}},"2":{"name":"constructor","line":53,"loc":{"start":{"line":53,"column":4},"end":{"line":55,"column":4}}},"3":{"name":"setNukeFundContract","line":59,"loc":{"start":{"line":59,"column":4},"end":{"line":62,"column":4}}},"4":{"name":"setEntityForgingContract","line":66,"loc":{"start":{"line":66,"column":4},"end":{"line":70,"column":4}}},"5":{"name":"setEntropyGenerator","line":73,"loc":{"start":{"line":73,"column":4},"end":{"line":77,"column":4}}},"6":{"name":"setAirdropContract","line":80,"loc":{"start":{"line":80,"column":4},"end":{"line":84,"column":4}}},"7":{"name":"startAirdrop","line":87,"loc":{"start":{"line":87,"column":4},"end":{"line":89,"column":4}}},"8":{"name":"setStartPrice","line":92,"loc":{"start":{"line":92,"column":4},"end":{"line":94,"column":4}}},"9":{"name":"setPriceIncrement","line":97,"loc":{"start":{"line":97,"column":4},"end":{"line":99,"column":4}}},"10":{"name":"setPriceIncrementByGen","line":102,"loc":{"start":{"line":102,"column":4},"end":{"line":104,"column":4}}},"11":{"name":"setMaxGeneration","line":107,"loc":{"start":{"line":107,"column":4},"end":{"line":110,"column":4}}},"12":{"name":"setRootHash","line":113,"loc":{"start":{"line":113,"column":4},"end":{"line":115,"column":4}}},"13":{"name":"setWhitelistEndTime","line":118,"loc":{"start":{"line":118,"column":4},"end":{"line":120,"column":4}}},"14":{"name":"getGeneration","line":123,"loc":{"start":{"line":123,"column":4},"end":{"line":125,"column":4}}},"15":{"name":"isApprovedOrOwner","line":128,"loc":{"start":{"line":128,"column":4},"end":{"line":130,"column":4}}},"16":{"name":"burn","line":133,"loc":{"start":{"line":133,"column":4},"end":{"line":140,"column":4}}},"17":{"name":"forge","line":146,"loc":{"start":{"line":143,"column":4},"end":{"line":163,"column":4}}},"18":{"name":"mintToken","line":171,"loc":{"start":{"line":166,"column":4},"end":{"line":183,"column":4}}},"19":{"name":"mintWithBudget","line":191,"loc":{"start":{"line":186,"column":4},"end":{"line":207,"column":4}}},"20":{"name":"calculateMintPrice","line":210,"loc":{"start":{"line":210,"column":4},"end":{"line":215,"column":4}}},"21":{"name":"getTokenEntropy","line":218,"loc":{"start":{"line":218,"column":4},"end":{"line":221,"column":4}}},"22":{"name":"getTokenGeneration","line":224,"loc":{"start":{"line":224,"column":4},"end":{"line":226,"column":4}}},"23":{"name":"getEntropiesForTokens","line":229,"loc":{"start":{"line":229,"column":4},"end":{"line":236,"column":4}}},"24":{"name":"getTokenLastTransferredTimestamp","line":239,"loc":{"start":{"line":239,"column":4},"end":{"line":242,"column":4}}},"25":{"name":"getTokenCreationTimestamp","line":245,"loc":{"start":{"line":245,"column":4},"end":{"line":248,"column":4}}},"26":{"name":"isForger","line":251,"loc":{"start":{"line":251,"column":4},"end":{"line":255,"column":4}}},"27":{"name":"_mintInternal","line":258,"loc":{"start":{"line":258,"column":4},"end":{"line":281,"column":4}}},"28":{"name":"_mintNewEntity","line":284,"loc":{"start":{"line":284,"column":4},"end":{"line":307,"column":4}}},"29":{"name":"_incrementGeneration","line":310,"loc":{"start":{"line":310,"column":4},"end":{"line":317,"column":4}}},"30":{"name":"_distributeFunds","line":321,"loc":{"start":{"line":321,"column":4},"end":{"line":328,"column":4}}},"31":{"name":"_beforeTokenTransfer","line":331,"loc":{"start":{"line":331,"column":4},"end":{"line":352,"column":4}}}},"statementMap":{"1":{"start":{"line":47,"column":8},"end":{"line":47,"column":1890}},"2":{"start":{"line":48,"column":12},"end":{"line":48,"column":85}},"3":{"start":{"line":61,"column":8},"end":{"line":61,"column":54}},"4":{"start":{"line":67,"column":8},"end":{"line":67,"column":70}},"5":{"start":{"line":74,"column":8},"end":{"line":74,"column":73}},"6":{"start":{"line":81,"column":8},"end":{"line":81,"column":57}},"7":{"start":{"line":88,"column":8},"end":{"line":88,"column":43}},"8":{"start":{"line":108,"column":8},"end":{"line":108,"column":90}},"9":{"start":{"line":124,"column":8},"end":{"line":124,"column":32}},"10":{"start":{"line":129,"column":8},"end":{"line":129,"column":51}},"11":{"start":{"line":134,"column":8},"end":{"line":134,"column":103}},"12":{"start":{"line":135,"column":8},"end":{"line":135,"column":4841}},"13":{"start":{"line":136,"column":12},"end":{"line":136,"column":54}},"14":{"start":{"line":137,"column":12},"end":{"line":137,"column":73}},"15":{"start":{"line":139,"column":8},"end":{"line":139,"column":21}},"16":{"start":{"line":149,"column":8},"end":{"line":149,"column":83}},"17":{"start":{"line":150,"column":8},"end":{"line":150,"column":65}},"18":{"start":{"line":153,"column":8},"end":{"line":153,"column":78}},"19":{"start":{"line":156,"column":8},"end":{"line":156,"column":100}},"20":{"start":{"line":157,"column":8},"end":{"line":157,"column":64}},"21":{"start":{"line":160,"column":8},"end":{"line":160,"column":80}},"22":{"start":{"line":162,"column":8},"end":{"line":162,"column":25}},"23":{"start":{"line":173,"column":8},"end":{"line":173,"column":48}},"24":{"start":{"line":174,"column":8},"end":{"line":174,"column":76}},"25":{"start":{"line":176,"column":8},"end":{"line":176,"column":43}},"26":{"start":{"line":178,"column":8},"end":{"line":178,"column":53}},"27":{"start":{"line":179,"column":8},"end":{"line":179,"column":6366}},"28":{"start":{"line":180,"column":12},"end":{"line":180,"column":77}},"29":{"start":{"line":181,"column":12},"end":{"line":181,"column":69}},"30":{"start":{"line":193,"column":8},"end":{"line":193,"column":48}},"31":{"start":{"line":194,"column":8},"end":{"line":194,"column":32}},"32":{"start":{"line":195,"column":8},"end":{"line":195,"column":38}},"33":{"start":{"line":197,"column":8},"end":{"line":197,"column":6913}},"34":{"start":{"line":198,"column":12},"end":{"line":198,"column":47}},"35":{"start":{"line":203,"column":8},"end":{"line":203,"column":7157}},"36":{"start":{"line":204,"column":12},"end":{"line":204,"column":74}},"37":{"start":{"line":205,"column":12},"end":{"line":205,"column":51}},"38":{"start":{"line":211,"column":8},"end":{"line":211,"column":77}},"39":{"start":{"line":212,"column":8},"end":{"line":212,"column":68}},"40":{"start":{"line":213,"column":8},"end":{"line":213,"column":50}},"41":{"start":{"line":214,"column":8},"end":{"line":214,"column":20}},"42":{"start":{"line":219,"column":8},"end":{"line":219,"column":85}},"43":{"start":{"line":220,"column":8},"end":{"line":220,"column":36}},"44":{"start":{"line":225,"column":8},"end":{"line":225,"column":40}},"45":{"start":{"line":240,"column":8},"end":{"line":240,"column":85}},"46":{"start":{"line":241,"column":8},"end":{"line":241,"column":53}},"47":{"start":{"line":246,"column":8},"end":{"line":246,"column":85}},"48":{"start":{"line":247,"column":8},"end":{"line":247,"column":47}},"49":{"start":{"line":252,"column":8},"end":{"line":252,"column":47}},"50":{"start":{"line":253,"column":8},"end":{"line":253,"column":43}},"51":{"start":{"line":254,"column":8},"end":{"line":254,"column":33}},"52":{"start":{"line":259,"column":8},"end":{"line":259,"column":9138}},"53":{"start":{"line":260,"column":12},"end":{"line":260,"column":33}},"54":{"start":{"line":264,"column":8},"end":{"line":264,"column":37}},"55":{"start":{"line":265,"column":8},"end":{"line":265,"column":27}},"56":{"start":{"line":266,"column":8},"end":{"line":266,"column":64}},"57":{"start":{"line":274,"column":8},"end":{"line":274,"column":9674}},"58":{"start":{"line":275,"column":12},"end":{"line":275,"column":58}},"59":{"start":{"line":278,"column":8},"end":{"line":278,"column":86}},"60":{"start":{"line":280,"column":8},"end":{"line":280,"column":34}},"61":{"start":{"line":285,"column":8},"end":{"line":285,"column":86}},"62":{"start":{"line":288,"column":8},"end":{"line":288,"column":38}},"63":{"start":{"line":289,"column":8},"end":{"line":289,"column":34}},"64":{"start":{"line":297,"column":8},"end":{"line":297,"column":10471}},"65":{"start":{"line":298,"column":12},"end":{"line":298,"column":33}},"66":{"start":{"line":301,"column":8},"end":{"line":301,"column":10606}},"67":{"start":{"line":302,"column":12},"end":{"line":302,"column":59}},"68":{"start":{"line":305,"column":8},"end":{"line":305,"column":64}},"69":{"start":{"line":306,"column":8},"end":{"line":306,"column":25}},"70":{"start":{"line":311,"column":8},"end":{"line":311,"column":110}},"71":{"start":{"line":315,"column":8},"end":{"line":315,"column":48}},"72":{"start":{"line":316,"column":8},"end":{"line":316,"column":53}},"73":{"start":{"line":322,"column":8},"end":{"line":322,"column":76}},"74":{"start":{"line":324,"column":8},"end":{"line":324,"column":70}},"75":{"start":{"line":325,"column":8},"end":{"line":325,"column":42}},"76":{"start":{"line":327,"column":8},"end":{"line":327,"column":69}},"77":{"start":{"line":336,"column":8},"end":{"line":336,"column":68}},"78":{"start":{"line":338,"column":8},"end":{"line":338,"column":80}},"79":{"start":{"line":340,"column":8},"end":{"line":340,"column":12120}},"80":{"start":{"line":344,"column":8},"end":{"line":344,"column":12232}},"81":{"start":{"line":345,"column":12},"end":{"line":345,"column":95}},"82":{"start":{"line":346,"column":12},"end":{"line":346,"column":12365}},"83":{"start":{"line":347,"column":16},"end":{"line":347,"column":74}},"84":{"start":{"line":351,"column":8},"end":{"line":351,"column":72}}},"branchMap":{"1":{"line":47,"type":"if","locations":[{"start":{"line":47,"column":8},"end":{"line":47,"column":8}},{"start":{"line":47,"column":8},"end":{"line":47,"column":8}}]},"2":{"line":48,"type":"if","locations":[{"start":{"line":48,"column":12},"end":{"line":48,"column":12}},{"start":{"line":48,"column":12},"end":{"line":48,"column":12}}]},"3":{"line":59,"type":"if","locations":[{"start":{"line":59,"column":76},"end":{"line":59,"column":76}},{"start":{"line":59,"column":76},"end":{"line":59,"column":76}}]},"4":{"line":66,"type":"if","locations":[{"start":{"line":66,"column":78},"end":{"line":66,"column":78}},{"start":{"line":66,"column":78},"end":{"line":66,"column":78}}]},"5":{"line":67,"type":"if","locations":[{"start":{"line":67,"column":8},"end":{"line":67,"column":8}},{"start":{"line":67,"column":8},"end":{"line":67,"column":8}}]},"6":{"line":73,"type":"if","locations":[{"start":{"line":73,"column":76},"end":{"line":73,"column":76}},{"start":{"line":73,"column":76},"end":{"line":73,"column":76}}]},"7":{"line":74,"type":"if","locations":[{"start":{"line":74,"column":8},"end":{"line":74,"column":8}},{"start":{"line":74,"column":8},"end":{"line":74,"column":8}}]},"8":{"line":80,"type":"if","locations":[{"start":{"line":80,"column":59},"end":{"line":80,"column":59}},{"start":{"line":80,"column":59},"end":{"line":80,"column":59}}]},"9":{"line":81,"type":"if","locations":[{"start":{"line":81,"column":8},"end":{"line":81,"column":8}},{"start":{"line":81,"column":8},"end":{"line":81,"column":8}}]},"10":{"line":87,"type":"if","locations":[{"start":{"line":87,"column":51},"end":{"line":87,"column":51}},{"start":{"line":87,"column":51},"end":{"line":87,"column":51}}]},"11":{"line":87,"type":"if","locations":[{"start":{"line":87,"column":65},"end":{"line":87,"column":65}},{"start":{"line":87,"column":65},"end":{"line":87,"column":65}}]},"12":{"line":92,"type":"if","locations":[{"start":{"line":92,"column":57},"end":{"line":92,"column":57}},{"start":{"line":92,"column":57},"end":{"line":92,"column":57}}]},"13":{"line":97,"type":"if","locations":[{"start":{"line":97,"column":65},"end":{"line":97,"column":65}},{"start":{"line":97,"column":65},"end":{"line":97,"column":65}}]},"14":{"line":102,"type":"if","locations":[{"start":{"line":102,"column":75},"end":{"line":102,"column":75}},{"start":{"line":102,"column":75},"end":{"line":102,"column":75}}]},"15":{"line":107,"type":"if","locations":[{"start":{"line":107,"column":63},"end":{"line":107,"column":63}},{"start":{"line":107,"column":63},"end":{"line":107,"column":63}}]},"16":{"line":108,"type":"if","locations":[{"start":{"line":108,"column":8},"end":{"line":108,"column":8}},{"start":{"line":108,"column":8},"end":{"line":108,"column":8}}]},"17":{"line":113,"type":"if","locations":[{"start":{"line":113,"column":53},"end":{"line":113,"column":53}},{"start":{"line":113,"column":53},"end":{"line":113,"column":53}}]},"18":{"line":118,"type":"if","locations":[{"start":{"line":118,"column":60},"end":{"line":118,"column":60}},{"start":{"line":118,"column":60},"end":{"line":118,"column":60}}]},"19":{"line":133,"type":"if","locations":[{"start":{"line":133,"column":44},"end":{"line":133,"column":44}},{"start":{"line":133,"column":44},"end":{"line":133,"column":44}}]},"20":{"line":133,"type":"if","locations":[{"start":{"line":133,"column":58},"end":{"line":133,"column":58}},{"start":{"line":133,"column":58},"end":{"line":133,"column":58}}]},"21":{"line":134,"type":"if","locations":[{"start":{"line":134,"column":8},"end":{"line":134,"column":8}},{"start":{"line":134,"column":8},"end":{"line":134,"column":8}}]},"22":{"line":135,"type":"if","locations":[{"start":{"line":135,"column":8},"end":{"line":135,"column":8}},{"start":{"line":135,"column":8},"end":{"line":135,"column":8}}]},"23":{"line":145,"type":"if","locations":[{"start":{"line":145,"column":8},"end":{"line":145,"column":8}},{"start":{"line":145,"column":8},"end":{"line":145,"column":8}}]},"24":{"line":146,"type":"if","locations":[{"start":{"line":146,"column":8},"end":{"line":146,"column":8}},{"start":{"line":146,"column":8},"end":{"line":146,"column":8}}]},"25":{"line":149,"type":"if","locations":[{"start":{"line":149,"column":8},"end":{"line":149,"column":8}},{"start":{"line":149,"column":8},"end":{"line":149,"column":8}}]},"26":{"line":153,"type":"if","locations":[{"start":{"line":153,"column":8},"end":{"line":153,"column":8}},{"start":{"line":153,"column":8},"end":{"line":153,"column":8}}]},"27":{"line":169,"type":"if","locations":[{"start":{"line":169,"column":8},"end":{"line":169,"column":8}},{"start":{"line":169,"column":8},"end":{"line":169,"column":8}}]},"28":{"line":170,"type":"if","locations":[{"start":{"line":170,"column":8},"end":{"line":170,"column":8}},{"start":{"line":170,"column":8},"end":{"line":170,"column":8}}]},"29":{"line":171,"type":"if","locations":[{"start":{"line":171,"column":8},"end":{"line":171,"column":8}},{"start":{"line":171,"column":8},"end":{"line":171,"column":8}}]},"30":{"line":174,"type":"if","locations":[{"start":{"line":174,"column":8},"end":{"line":174,"column":8}},{"start":{"line":174,"column":8},"end":{"line":174,"column":8}}]},"31":{"line":179,"type":"if","locations":[{"start":{"line":179,"column":8},"end":{"line":179,"column":8}},{"start":{"line":179,"column":8},"end":{"line":179,"column":8}}]},"32":{"line":181,"type":"if","locations":[{"start":{"line":181,"column":12},"end":{"line":181,"column":12}},{"start":{"line":181,"column":12},"end":{"line":181,"column":12}}]},"33":{"line":189,"type":"if","locations":[{"start":{"line":189,"column":8},"end":{"line":189,"column":8}},{"start":{"line":189,"column":8},"end":{"line":189,"column":8}}]},"34":{"line":190,"type":"if","locations":[{"start":{"line":190,"column":8},"end":{"line":190,"column":8}},{"start":{"line":190,"column":8},"end":{"line":190,"column":8}}]},"35":{"line":191,"type":"if","locations":[{"start":{"line":191,"column":8},"end":{"line":191,"column":8}},{"start":{"line":191,"column":8},"end":{"line":191,"column":8}}]},"36":{"line":203,"type":"if","locations":[{"start":{"line":203,"column":8},"end":{"line":203,"column":8}},{"start":{"line":203,"column":8},"end":{"line":203,"column":8}}]},"37":{"line":205,"type":"if","locations":[{"start":{"line":205,"column":12},"end":{"line":205,"column":12}},{"start":{"line":205,"column":12},"end":{"line":205,"column":12}}]},"38":{"line":219,"type":"if","locations":[{"start":{"line":219,"column":8},"end":{"line":219,"column":8}},{"start":{"line":219,"column":8},"end":{"line":219,"column":8}}]},"39":{"line":240,"type":"if","locations":[{"start":{"line":240,"column":8},"end":{"line":240,"column":8}},{"start":{"line":240,"column":8},"end":{"line":240,"column":8}}]},"40":{"line":246,"type":"if","locations":[{"start":{"line":246,"column":8},"end":{"line":246,"column":8}},{"start":{"line":246,"column":8},"end":{"line":246,"column":8}}]},"41":{"line":259,"type":"if","locations":[{"start":{"line":259,"column":8},"end":{"line":259,"column":8}},{"start":{"line":259,"column":8},"end":{"line":259,"column":8}}]},"42":{"line":274,"type":"if","locations":[{"start":{"line":274,"column":8},"end":{"line":274,"column":8}},{"start":{"line":274,"column":8},"end":{"line":274,"column":8}}]},"43":{"line":285,"type":"if","locations":[{"start":{"line":285,"column":8},"end":{"line":285,"column":8}},{"start":{"line":285,"column":8},"end":{"line":285,"column":8}}]},"44":{"line":297,"type":"if","locations":[{"start":{"line":297,"column":8},"end":{"line":297,"column":8}},{"start":{"line":297,"column":8},"end":{"line":297,"column":8}}]},"45":{"line":301,"type":"if","locations":[{"start":{"line":301,"column":8},"end":{"line":301,"column":8}},{"start":{"line":301,"column":8},"end":{"line":301,"column":8}}]},"46":{"line":311,"type":"if","locations":[{"start":{"line":311,"column":8},"end":{"line":311,"column":8}},{"start":{"line":311,"column":8},"end":{"line":311,"column":8}}]},"47":{"line":322,"type":"if","locations":[{"start":{"line":322,"column":8},"end":{"line":322,"column":8}},{"start":{"line":322,"column":8},"end":{"line":322,"column":8}}]},"48":{"line":325,"type":"if","locations":[{"start":{"line":325,"column":8},"end":{"line":325,"column":8}},{"start":{"line":325,"column":8},"end":{"line":325,"column":8}}]},"49":{"line":340,"type":"if","locations":[{"start":{"line":340,"column":8},"end":{"line":340,"column":8}},{"start":{"line":340,"column":8},"end":{"line":340,"column":8}}]},"50":{"line":344,"type":"if","locations":[{"start":{"line":344,"column":8},"end":{"line":344,"column":8}},{"start":{"line":344,"column":8},"end":{"line":344,"column":8}}]},"51":{"line":346,"type":"if","locations":[{"start":{"line":346,"column":12},"end":{"line":346,"column":12}},{"start":{"line":346,"column":12},"end":{"line":346,"column":12}}]},"52":{"line":351,"type":"if","locations":[{"start":{"line":351,"column":8},"end":{"line":351,"column":8}},{"start":{"line":351,"column":8},"end":{"line":351,"column":8}}]}}}}